[2015-04-21 10:32:43] START
[2015-04-21 10:37:52] EDIT lubricapp/models/db.py: 1
[2015-04-21 10:50:13] EDIT lubricapp/models/menu.py: 3
[2015-04-21 10:51:10] CREATE empleado.py: 0
[2015-04-21 10:51:31] EDIT lubricapp/controllers/empleado.py: 3
[2015-04-21 10:51:36] EDIT lubricapp/controllers/empleado.py: 0
[2015-04-21 10:54:53] EDIT lubricapp/models/db.py: 0
[2015-04-21 10:57:43] EDIT lubricapp/models/db.py: 44
[2015-04-21 14:00:12] EDIT lubricapp/models/db.py: 10
[2015-04-21 14:04:05] EDIT lubricapp/models/db.py: 1
[2015-04-21 14:05:09] EDIT lubricapp/models/db.py: 0
[2015-04-21 14:06:34] EDIT lubricapp/models/db.py: 0
[2015-04-21 14:07:33] EDIT lubricapp/models/db.py: 0
[2015-04-21 14:08:04] EDIT lubricapp/models/db.py: 0
[2015-04-21 14:08:35] EDIT lubricapp/models/db.py: 0
[2015-04-21 14:10:14] EDIT lubricapp/models/db.py: 0
[2015-04-21 16:13:03] EDIT lubricapp/controllers/default.py: 25
[2015-04-21 16:13:51] CREATE movimiento.py: 0
[2015-04-21 16:14:26] EDIT lubricapp/controllers/default.py: 0
[2015-04-21 16:14:55] EDIT lubricapp/controllers/movimiento.py: 3
[2015-04-21 16:17:23] EDIT lubricapp/models/menu.py: 11
[2015-04-21 16:20:25] EDIT lubricapp/controllers/default.py: 47
[2015-04-21 16:21:23] EDIT lubricapp/models/menu.py: 0
[2015-04-21 16:27:48] EDIT lubricapp/controllers/default.py: 0
[2015-04-21 16:28:54] EDIT lubricapp/controllers/default.py: 0
[2015-04-21 16:29:39] EDIT lubricapp/controllers/default.py: 0
[2015-04-21 16:32:13] EDIT lubricapp/models/db.py: 9
[2015-04-21 16:43:58] EDIT lubricapp/models/db.py: 0
[2015-04-21 16:45:45] EDIT lubricapp/models/db.py: 0
[2015-04-21 16:50:24] EDIT lubricapp/models/db.py: 0
[2015-04-22 10:16:55] EDIT lubricapp/controllers/default.py: 11
[2015-04-22 10:20:16] EDIT lubricapp/controllers/default.py: 21
[2015-04-22 10:21:07] CREATE manage_user.html: 0
[2015-04-22 10:21:21] EDIT lubricapp/views/manage_user.html: 3
[2015-04-22 16:06:44] EDIT lubricapp/models/db.py: 0
[2015-04-22 16:07:54] EDIT lubricapp/models/db.py: 0
[2015-04-22 16:10:45] EDIT lubricapp/models/db.py: 0
[2015-04-22 16:13:44] EDIT lubricapp/controllers/default.py: 0
[2015-04-22 16:14:18] EDIT lubricapp/controllers/default.py: 0
[2015-04-24 11:32:48] EDIT lubricapp/views/layout.html: 1
[2015-04-24 11:34:17] EDIT lubricapp/views/layout.html: 0
[2015-04-24 11:34:36] EDIT lubricapp/views/layout.html: 0
[2015-04-24 11:36:59] EDIT lubricapp/views/layout.html: 1
[2015-04-24 11:38:17] EDIT lubricapp/views/layout.html: 0
[2015-04-24 11:40:41] EDIT lubricapp/views/layout.html: 0
[2015-04-24 11:43:41] EDIT lubricapp/models/menu.py: 0
[2015-04-24 11:44:51] EDIT lubricapp/views/layout.html: -2
[2015-04-24 11:44:51] EDIT lubricapp/views/layout.html: 0
[2015-04-24 11:44:51] EDIT lubricapp/views/layout.html: 0
[2015-04-24 11:44:51] EDIT lubricapp/views/layout.html: 0
[2015-04-24 11:45:52] EDIT lubricapp/models/menu.py: 0
[2015-04-24 11:46:47] EDIT lubricapp/models/menu.py: 0
[2015-04-24 11:47:21] EDIT lubricapp/models/menu.py: 0
[2015-04-24 11:47:33] EDIT lubricapp/models/menu.py: 0
[2015-04-27 12:07:42] CREATE articulo.py: 0
[2015-04-27 12:08:05] EDIT lubricapp/controllers/articulo.py: 3
[2015-04-27 12:30:30] EDIT lubricapp/models/db.py: 20
[2015-04-27 12:30:35] EDIT lubricapp/models/db.py: 0
[2015-04-27 12:30:40] EDIT lubricapp/models/db.py: 0
[2015-04-27 12:49:51] EDIT lubricapp/models/db.py: 7
[2015-04-27 12:50:48] EDIT lubricapp/models/db.py: 0
[2015-04-27 12:51:10] EDIT lubricapp/models/db.py: 0
[2015-04-27 12:52:31] EDIT lubricapp/models/db.py: 0
[2015-04-27 12:53:11] CREATE equipo.py: 0
[2015-04-27 12:53:29] DELETE lubricapp/models/equipo.py: 0
[2015-04-27 12:53:38] CREATE equipo.py: 0
[2015-04-27 12:53:49] EDIT lubricapp/controllers/equipo.py: 3
[2015-04-27 12:54:21] EDIT lubricapp/controllers/equipo.py: 0
[2015-04-27 12:54:47] EDIT lubricapp/controllers/equipo.py: 0
[2015-04-27 12:57:44] EDIT lubricapp/models/db.py: -1
[2015-04-27 13:05:44] EDIT lubricapp/models/db.py: 4
[2015-04-27 13:18:09] EDIT lubricapp/models/db.py: 0
[2015-04-27 13:19:07] EDIT lubricapp/models/db.py: 0
[2015-04-27 13:27:55] EDIT lubricapp/models/db.py: 1
[2015-04-27 13:38:29] EDIT lubricapp/models/db.py: 1
[2015-04-27 13:39:55] CREATE grupo.py: 0
[2015-04-27 13:40:17] EDIT lubricapp/controllers/grupo.py: 3
[2015-04-27 13:41:34] EDIT lubricapp/models/db.py: 0
[2015-04-27 13:42:04] EDIT lubricapp/models/db.py: 0
[2015-04-27 13:43:31] EDIT lubricapp/models/db.py: 1
[2015-04-27 13:44:52] EDIT lubricapp/models/db.py: -1
[2015-04-27 13:49:05] EDIT lubricapp/models/db.py: 0
[2015-04-27 13:50:08] EDIT lubricapp/models/db.py: 0
[2015-04-27 13:50:30] EDIT lubricapp/models/db.py: 0
[2015-04-27 13:52:05] EDIT lubricapp/models/db.py: -1
[2015-04-27 13:52:09] EDIT lubricapp/models/db.py: 1
[2015-04-27 13:53:14] EDIT lubricapp/models/db.py: -1
[2015-04-27 15:16:51] EDIT lubricapp/models/db.py: 1
[2015-04-27 15:17:31] EDIT lubricapp/models/db.py: 0
[2015-04-27 15:18:01] EDIT lubricapp/models/db.py: 0
[2015-04-27 15:24:13] EDIT lubricapp/controllers/default.py: 0
[2015-04-27 15:29:50] EDIT lubricapp/controllers/default.py: 0
[2015-04-27 15:30:34] EDIT lubricapp/controllers/default.py: 0
[2015-04-27 16:40:34] EDIT lubricapp/controllers/default.py: 46
[2015-04-27 16:42:16] EDIT lubricapp/models/menu.py: 0
[2015-04-27 16:42:26] EDIT lubricapp/models/menu.py: 0
[2015-04-27 17:45:19] EDIT lubricapp/controllers/default.py: 0
[2015-04-27 17:45:40] EDIT lubricapp/controllers/default.py: 0
[2015-04-27 17:46:28] EDIT lubricapp/controllers/default.py: 0
[2015-04-27 17:46:58] EDIT lubricapp/controllers/default.py: 0
[2015-04-27 17:48:29] EDIT lubricapp/controllers/default.py: 0
[2015-04-27 17:48:39] EDIT lubricapp/controllers/default.py: 0
[2015-04-27 17:52:25] EDIT lubricapp/controllers/default.py: 1
[2015-04-27 17:53:39] EDIT lubricapp/controllers/default.py: -1
[2015-04-27 17:54:26] EDIT lubricapp/controllers/default.py: 0
[2015-04-28 12:41:36] EDIT lubricapp/controllers/default.py: 0
[2015-05-06 12:45:28] DELETE lubricapp/views/plugin_layouts/layouts/Industrial.html: -542
[2015-05-06 12:46:45] EDIT lubricapp/views/layout.html: 0
[2015-05-06 12:51:35] EDIT lubricapp/views/layout.html: -392
[2015-05-06 12:55:11] EDIT lubricapp/controllers/articulo.py: 1
[2015-05-06 12:55:31] EDIT lubricapp/controllers/empleado.py: 1
[2015-05-06 12:56:14] EDIT lubricapp/controllers/movimiento.py: 1
[2015-05-06 14:36:16] EDIT lubricapp/controllers/default.py: 0
[2015-05-06 14:37:28] EDIT lubricapp/controllers/default.py: 0
[2015-05-06 14:37:59] EDIT lubricapp/controllers/default.py: 1
[2015-05-06 14:38:11] EDIT lubricapp/controllers/default.py: 0
[2015-05-06 14:39:22] EDIT lubricapp/controllers/default.py: 0
[2015-05-06 14:40:33] EDIT lubricapp/controllers/default.py: -1
[2015-05-06 14:41:18] EDIT lubricapp/controllers/default.py: 0
[2015-05-06 14:41:44] EDIT lubricapp/controllers/default.py: 0
[2015-05-06 14:42:18] EDIT lubricapp/controllers/default.py: 1
[2015-05-06 14:42:39] EDIT lubricapp/controllers/default.py: 0
[2015-05-06 14:42:43] EDIT lubricapp/controllers/default.py: 0
[2015-05-06 14:43:20] EDIT lubricapp/controllers/default.py: -1
[2015-05-06 14:43:50] EDIT lubricapp/controllers/default.py: 0
[2015-05-06 14:43:54] EDIT lubricapp/controllers/default.py: 0
[2015-05-06 14:43:57] EDIT lubricapp/controllers/default.py: 0
[2015-05-06 14:44:01] EDIT lubricapp/controllers/default.py: 1
[2015-05-06 14:44:07] EDIT lubricapp/controllers/default.py: 0
[2015-05-06 14:44:49] EDIT lubricapp/controllers/default.py: 0
[2015-05-26 12:21:51] EDIT lubricapp/controllers/movimiento.py: 0
[2015-05-26 12:23:57] EDIT lubricapp/controllers/movimiento.py: 1
