[2014-05-16 12:53:42] START
[2014-05-16 12:56:38] EDIT blog/models/db.py: 8
[2014-05-16 16:25:47] EDIT blog/models/menu.py: 0
[2014-05-16 16:27:56] EDIT blog/models/db.py: 0
[2014-05-16 16:28:48] EDIT blog/models/db.py: 0
[2014-05-16 16:29:30] EDIT blog/models/db.py: 0
[2014-05-16 16:30:21] EDIT blog/models/db.py: 0
[2014-05-19 11:14:14] EDIT blog/controllers/default.py: 0
[2014-05-19 14:56:12] EDIT blog/controllers/default.py: 17
[2014-05-19 14:57:47] EDIT blog/controllers/default.py: 0
[2014-05-19 14:58:45] EDIT blog/controllers/default.py: -15
[2014-05-19 14:59:10] EDIT blog/controllers/default.py: 15
[2014-05-19 14:59:26] EDIT blog/controllers/default.py: -15
[2014-05-19 15:04:21] EDIT blog/controllers/default.py: 15
[2014-05-19 15:04:57] EDIT blog/controllers/default.py: -1
[2014-05-19 15:05:22] EDIT blog/controllers/default.py: -1
[2014-05-19 15:05:28] EDIT blog/controllers/default.py: -1
[2014-05-19 15:09:18] EDIT blog/models/db.py: 2
[2014-05-19 15:12:27] EDIT blog/models/db.py: 0
[2014-05-19 15:15:11] EDIT blog/models/db.py: 2
[2014-05-19 15:18:13] EDIT blog/views/default/index.html: 13
[2014-05-19 15:22:10] CREATE view_post.html: 0
[2014-05-19 15:22:20] EDIT blog/views/view_post.html: 10
[2014-05-19 15:28:13] CREATE default/view_post.html: 0
[2014-05-19 15:28:39] EDIT blog/views/default/view_post.html: 10
[2014-05-19 15:29:27] DELETE blog/views/view_post.html: -13
[2014-05-19 15:34:54] EDIT blog/views/default/view_post.html: 0
[2014-05-19 15:35:14] EDIT blog/views/default/view_post.html: 0
[2014-05-19 15:39:24] EDIT blog/controllers/default.py: 0
[2014-05-19 15:45:15] EDIT blog/controllers/default.py: 0
[2014-05-19 15:52:01] EDIT blog/models/db.py: 1
[2014-05-19 17:00:44] EDIT blog/controllers/default.py: 0
[2014-05-27 16:18:21] EDIT blog/models/menu.py: 3
[2014-05-27 16:20:36] CREATE configmenu.py: 0
[2014-05-27 16:20:58] EDIT blog/models/menu.py: 0
[2014-05-27 16:22:45] EDIT blog/controllers/configmenu.py: 2
[2014-05-27 16:24:58] EDIT blog/controllers/configmenu.py: 0
[2014-05-27 16:27:37] EDIT blog/controllers/configmenu.py: 1
[2014-05-27 16:28:18] EDIT blog/controllers/configmenu.py: 0
[2014-05-27 16:28:35] EDIT blog/controllers/configmenu.py: 0
[2014-05-27 16:31:08] EDIT blog/controllers/configmenu.py: 0
[2014-05-27 16:35:35] EDIT blog/controllers/configmenu.py: 0
[2014-05-27 16:35:52] EDIT blog/controllers/configmenu.py: 0
[2014-05-27 16:36:03] EDIT blog/controllers/configmenu.py: 0
[2014-05-27 16:42:01] EDIT blog/controllers/configmenu.py: 3
[2014-05-27 16:43:52] EDIT blog/models/menu.py: 4
[2014-05-27 16:46:19] EDIT blog/models/menu.py: 0
[2014-05-27 16:48:09] EDIT blog/models/menu.py: 0
[2014-05-27 16:48:38] EDIT blog/models/menu.py: 0
[2014-05-27 16:49:52] EDIT blog/models/menu.py: 0
[2014-05-27 16:50:27] EDIT blog/models/menu.py: -4
[2014-05-27 16:50:43] EDIT blog/models/menu.py: 0
[2014-05-27 16:50:58] EDIT blog/models/menu.py: 1
[2014-05-27 16:51:08] EDIT blog/models/menu.py: -1
[2014-05-27 16:51:12] EDIT blog/models/menu.py: 0
[2014-05-27 16:51:34] EDIT blog/models/menu.py: 3
[2014-05-27 16:53:19] EDIT blog/models/menu.py: -1
[2014-05-27 16:53:53] EDIT blog/models/menu.py: -3
[2014-05-27 17:03:31] EDIT blog/models/menu.py: 3
[2014-05-27 17:03:35] EDIT blog/models/menu.py: 0
[2014-05-27 17:03:46] EDIT blog/models/menu.py: 0
[2014-05-27 17:03:48] EDIT blog/models/menu.py: 0
[2014-05-27 17:03:54] EDIT blog/models/menu.py: 0
[2014-05-27 17:07:59] EDIT blog/models/menu.py: -1
[2014-05-27 17:08:03] EDIT blog/models/menu.py: 0
[2014-05-27 17:08:52] EDIT blog/models/menu.py: 2
[2014-05-27 17:09:00] EDIT blog/models/menu.py: -3
[2014-05-27 17:09:21] EDIT blog/models/menu.py: 0
[2014-05-27 17:14:21] EDIT blog/controllers/configmenu.py: 0
[2014-05-27 17:14:51] EDIT blog/controllers/configmenu.py: 0
[2014-05-27 17:15:24] EDIT blog/controllers/configmenu.py: -3
[2014-05-27 17:17:40] EDIT blog/models/menu.py: 0
[2014-05-27 17:17:51] EDIT blog/models/menu.py: 1
[2014-05-27 17:19:00] EDIT blog/models/menu.py: 0
[2014-05-27 17:19:14] EDIT blog/models/menu.py: 0
[2014-05-27 17:19:30] EDIT blog/models/menu.py: 2
[2014-05-27 17:25:06] EDIT blog/controllers/configmenu.py: 3
[2014-05-27 17:25:38] EDIT blog/controllers/configmenu.py: -1
[2014-05-27 17:26:14] EDIT blog/models/menu.py: 0
[2014-05-27 17:26:49] EDIT blog/controllers/configmenu.py: 1
[2014-05-28 15:57:52] EDIT blog/controllers/configmenu.py: 0
[2014-05-28 15:58:45] EDIT blog/controllers/configmenu.py: 0
[2014-05-28 15:59:02] EDIT blog/controllers/configmenu.py: 0
[2014-06-09 16:17:38] EDIT init/models/menu.py: 0
[2014-06-09 16:45:52] EDIT blog/models/db.py: 1
[2014-06-09 16:46:04] EDIT blog/models/db.py: 0
[2014-06-09 16:46:12] EDIT blog/models/db.py: 0
[2014-06-09 16:48:19] EDIT blog/models/db.py: 0
[2014-06-24 11:48:44] EDIT blog/models/db.py: 0
[2014-06-24 12:21:34] EDIT blog/models/db.py: 0
[2014-06-24 12:22:58] EDIT blog/models/db.py: 0
[2014-07-01 12:58:33] EDIT blog/models/menu.py: 0
[2014-07-01 13:04:07] EDIT blog/models/menu.py: 0
