[2014-07-23 10:19:29] START
[2014-07-23 10:20:31] EDIT hercules/models/db.py: 1
[2014-07-23 10:22:42] EDIT hercules/models/db.py: 0
[2014-07-23 11:59:36] EDIT hercules/controllers/default.py: 3
[2014-07-23 17:22:50] EDIT hercules/controllers/default.py: 8
[2014-07-23 17:22:55] EDIT hercules/controllers/default.py: 0
[2014-07-23 17:23:04] EDIT hercules/controllers/default.py: -1
[2014-07-23 17:24:17] EDIT hercules/controllers/default.py: 0
[2014-07-23 17:26:41] EDIT hercules/controllers/default.py: 0
[2014-07-23 17:26:45] EDIT hercules/controllers/default.py: 0
[2014-07-23 17:27:12] EDIT hercules/controllers/default.py: 0
[2014-07-23 17:27:14] EDIT hercules/controllers/default.py: 0
[2014-07-24 11:19:26] EDIT hercules/controllers/default.py: 2
[2014-07-24 11:19:31] EDIT hercules/controllers/default.py: 0
[2014-07-24 11:19:58] EDIT hercules/controllers/default.py: 0
[2014-07-24 11:23:44] EDIT hercules/controllers/default.py: 0
[2014-07-24 11:23:48] EDIT hercules/controllers/default.py: 0
[2014-07-24 11:23:57] EDIT hercules/controllers/default.py: 0
[2014-07-24 11:24:23] EDIT hercules/controllers/default.py: -2
[2014-07-24 11:24:25] EDIT hercules/controllers/default.py: 0
[2014-07-24 11:31:03] EDIT hercules/controllers/default.py: 0
[2014-07-24 11:31:05] EDIT hercules/controllers/default.py: 0
[2014-07-24 11:32:37] EDIT hercules/controllers/default.py: 0
[2014-07-24 11:47:55] EDIT hercules/controllers/default.py: 0
[2014-07-24 11:49:19] EDIT hercules/controllers/default.py: 0
[2014-07-24 11:49:27] EDIT hercules/controllers/default.py: 0
[2014-07-24 11:51:34] EDIT hercules/controllers/default.py: 1
[2014-07-24 11:52:36] EDIT hercules/controllers/default.py: 0
[2014-07-24 12:01:31] EDIT hercules/controllers/default.py: 0
[2014-07-24 12:28:25] EDIT hercules/controllers/default.py: 0
[2014-07-24 12:30:28] EDIT hercules/controllers/default.py: 0
[2014-07-24 12:32:38] EDIT hercules/controllers/default.py: 0
[2014-07-24 12:32:58] EDIT hercules/controllers/default.py: 0
[2014-07-24 12:33:27] EDIT hercules/controllers/default.py: -1
[2014-07-24 12:33:28] EDIT hercules/controllers/default.py: 0
[2014-07-24 12:34:35] EDIT hercules/controllers/default.py: 2
[2014-07-24 12:34:41] EDIT hercules/controllers/default.py: 0
[2014-07-24 12:37:40] EDIT hercules/controllers/default.py: 0
[2014-07-24 12:44:26] EDIT hercules/controllers/default.py: 0
[2014-07-24 12:44:49] EDIT hercules/controllers/default.py: 1
[2014-07-24 12:44:56] EDIT hercules/controllers/default.py: 0
[2014-07-24 12:44:57] EDIT hercules/controllers/default.py: 0
[2014-07-24 12:45:00] EDIT hercules/controllers/default.py: 0
[2014-07-24 12:45:07] EDIT hercules/controllers/default.py: 0
[2014-07-24 12:45:17] EDIT hercules/controllers/default.py: 0
[2014-07-24 12:45:20] EDIT hercules/controllers/default.py: 0
[2014-07-24 12:46:36] EDIT hercules/controllers/default.py: 0
[2014-07-24 12:48:18] EDIT hercules/controllers/default.py: 0
[2014-07-24 12:48:36] EDIT hercules/controllers/default.py: 0
[2014-07-24 12:51:35] EDIT hercules/controllers/default.py: 0
[2014-07-24 12:51:57] EDIT hercules/controllers/default.py: 0
[2014-07-24 12:52:45] EDIT hercules/controllers/default.py: 0
[2014-07-24 12:53:21] EDIT hercules/controllers/default.py: -1
[2014-07-24 12:53:51] EDIT hercules/controllers/default.py: -1
[2014-07-24 12:53:51] EDIT hercules/controllers/default.py: 0
[2014-07-24 12:59:33] EDIT hercules/controllers/default.py: 1
[2014-07-24 13:00:04] EDIT hercules/controllers/default.py: -1
[2014-07-24 13:05:38] EDIT hercules/controllers/default.py: 0
[2014-07-24 13:06:31] EDIT hercules/controllers/default.py: 0
[2014-07-24 13:06:37] EDIT hercules/controllers/default.py: 0
[2014-07-24 13:07:05] EDIT hercules/controllers/default.py: 0
[2014-07-24 13:07:49] EDIT hercules/controllers/default.py: 0
[2014-07-24 13:08:25] EDIT hercules/controllers/default.py: 1
[2014-07-24 13:14:07] EDIT hercules/controllers/default.py: -1
[2014-07-24 13:14:37] EDIT hercules/controllers/default.py: 0
[2014-07-24 13:16:25] EDIT hercules/controllers/default.py: 0
[2014-07-24 13:16:58] EDIT hercules/controllers/default.py: 0
[2014-07-24 13:19:52] EDIT hercules/controllers/default.py: 2
[2014-07-24 13:20:29] EDIT hercules/controllers/default.py: 0
[2014-07-24 13:20:40] EDIT hercules/controllers/default.py: 0
[2014-07-24 13:21:49] EDIT hercules/controllers/default.py: 0
[2014-07-28 12:17:45] EDIT hercules/controllers/default.py: 3
[2014-07-28 12:17:56] EDIT hercules/controllers/default.py: 0
[2014-07-28 12:18:00] EDIT hercules/controllers/default.py: 0
[2014-07-28 12:18:12] EDIT hercules/controllers/default.py: 0
[2014-07-28 12:18:28] EDIT hercules/controllers/default.py: 0
[2014-07-28 12:18:39] EDIT hercules/controllers/default.py: 0
[2014-07-28 12:21:22] EDIT hercules/controllers/default.py: 0
[2014-07-28 12:24:08] EDIT hercules/models/db.py: 0
[2014-07-28 12:30:10] EDIT hercules/models/db.py: 0
[2014-07-28 12:31:15] EDIT hercules/models/db.py: 0
[2014-07-28 13:22:33] EDIT hercules/controllers/default.py: 0
[2014-07-28 13:22:34] EDIT hercules/controllers/default.py: 0
[2014-07-28 13:23:20] EDIT hercules/controllers/default.py: 3
[2014-07-28 13:25:15] EDIT hercules/controllers/default.py: 0
[2014-07-28 13:50:38] EDIT hercules/controllers/default.py: 0
[2014-07-28 13:50:59] EDIT hercules/controllers/default.py: 1
[2014-07-28 13:51:07] EDIT hercules/controllers/default.py: 0
[2014-07-28 13:51:14] EDIT hercules/controllers/default.py: 0
[2014-07-28 13:51:43] EDIT hercules/controllers/default.py: 0
[2014-07-28 14:00:47] EDIT hercules/controllers/default.py: 1
[2014-07-28 14:01:13] EDIT hercules/controllers/default.py: -2
[2014-07-28 14:03:19] EDIT hercules/controllers/default.py: 0
[2014-07-28 14:03:40] EDIT hercules/controllers/default.py: 0
[2014-07-28 14:04:54] EDIT hercules/controllers/default.py: 0
[2014-07-28 16:38:15] EDIT hercules/controllers/default.py: 0
[2014-07-29 11:30:23] EDIT hercules/controllers/default.py: 3
[2014-07-29 11:30:29] EDIT hercules/controllers/default.py: 0
[2014-07-29 11:42:29] CREATE scheduler.py: 0
[2014-07-29 11:44:02] EDIT hercules/models/scheduler.py: 2
[2014-07-29 12:13:03] EDIT hercules/models/scheduler.py: 3
[2014-07-29 12:54:23] EDIT hercules/controllers/default.py: 1
[2014-07-29 13:05:13] EDIT hercules/controllers/default.py: 1
[2014-07-29 13:06:32] EDIT hercules/controllers/default.py: 0
[2014-07-29 13:06:53] EDIT hercules/controllers/default.py: 0
[2014-07-29 13:07:29] EDIT hercules/controllers/default.py: 0
[2014-07-29 13:07:34] EDIT hercules/controllers/default.py: 0
[2014-07-29 13:07:42] EDIT hercules/controllers/default.py: 0
[2014-07-29 13:08:07] EDIT hercules/controllers/default.py: 0
[2014-07-29 13:08:13] EDIT hercules/controllers/default.py: -2
[2014-07-29 13:08:17] EDIT hercules/controllers/default.py: 0
[2014-07-29 13:08:25] EDIT hercules/controllers/default.py: 0
[2014-07-29 13:08:29] EDIT hercules/controllers/default.py: 0
[2014-07-29 13:08:32] EDIT hercules/controllers/default.py: 0
[2014-07-29 13:08:38] EDIT hercules/controllers/default.py: 0
[2014-07-29 13:09:18] EDIT hercules/controllers/default.py: 0
[2014-07-29 13:09:40] EDIT hercules/controllers/default.py: 2
[2014-07-29 13:10:00] EDIT hercules/controllers/default.py: -2
[2014-07-29 13:12:08] EDIT hercules/controllers/default.py: 1
[2014-07-29 13:12:11] EDIT hercules/controllers/default.py: 0
[2014-07-29 13:12:20] EDIT hercules/controllers/default.py: 0
[2014-07-29 13:12:28] EDIT hercules/controllers/default.py: 0
[2014-07-29 13:13:05] EDIT hercules/controllers/default.py: 0
[2014-07-29 13:13:16] EDIT hercules/controllers/default.py: 0
[2014-07-29 13:14:04] EDIT hercules/controllers/default.py: 0
[2014-07-29 13:14:07] EDIT hercules/controllers/default.py: 0
[2014-07-29 13:14:15] EDIT hercules/controllers/default.py: 0
[2014-07-29 13:17:38] EDIT hercules/controllers/default.py: 0
[2014-07-29 13:17:51] EDIT hercules/controllers/default.py: 0
[2014-07-29 13:22:40] EDIT hercules/controllers/default.py: 0
[2014-07-29 13:32:27] EDIT hercules/controllers/default.py: 0
[2014-07-29 13:32:28] EDIT hercules/controllers/default.py: 0
[2014-07-29 13:32:28] EDIT hercules/controllers/default.py: 0
[2014-07-29 13:35:11] EDIT hercules/controllers/default.py: 0
[2014-07-29 13:35:12] EDIT hercules/controllers/default.py: 0
[2014-07-29 13:35:13] EDIT hercules/controllers/default.py: 0
[2014-07-29 13:35:16] EDIT hercules/controllers/default.py: 0
[2014-07-29 13:35:22] EDIT hercules/controllers/default.py: 0
[2014-07-29 13:37:05] EDIT hercules/controllers/default.py: -2
[2014-07-29 13:38:46] EDIT hercules/controllers/default.py: 0
[2014-07-29 13:39:13] EDIT hercules/controllers/default.py: 1
[2014-07-29 13:40:03] EDIT hercules/controllers/default.py: 0
[2014-07-29 13:51:28] EDIT hercules/controllers/default.py: 2
[2014-07-29 13:51:31] EDIT hercules/controllers/default.py: 0
[2014-07-29 13:52:51] EDIT hercules/controllers/default.py: 0
[2014-07-30 17:17:25] EDIT hercules/models/scheduler.py: 21
[2014-08-25 17:49:06] EDIT hercules/models/scheduler.py: 3
[2014-08-25 17:49:24] EDIT hercules/models/scheduler.py: 1
[2014-08-25 17:49:34] EDIT hercules/models/scheduler.py: 0
[2014-08-25 17:50:45] EDIT hercules/models/scheduler.py: 0
[2014-08-25 17:51:31] EDIT hercules/models/scheduler.py: 0
[2014-08-25 17:51:57] EDIT hercules/controllers/default.py: 3
[2014-08-25 17:59:17] EDIT hercules/controllers/default.py: 0
[2014-08-25 18:00:46] EDIT hercules/models/scheduler.py: 0
[2014-10-08 16:31:24] EDIT hercules/models/scheduler.py: 6
[2014-10-08 16:31:54] EDIT hercules/models/scheduler.py: 2
[2014-10-08 16:32:31] EDIT hercules/models/scheduler.py: 0
[2014-10-08 16:33:44] EDIT hercules/models/scheduler.py: 0
[2014-10-08 16:34:53] EDIT hercules/models/scheduler.py: 2
[2014-10-08 16:35:38] EDIT hercules/models/scheduler.py: 0
[2014-10-08 16:35:42] EDIT hercules/models/scheduler.py: 0
[2014-10-08 16:35:57] EDIT hercules/models/scheduler.py: 0
[2014-10-08 16:59:04] EDIT hercules/controllers/default.py: 6
[2014-10-08 17:00:28] EDIT hercules/controllers/default.py: 0
[2014-10-08 17:01:33] EDIT hercules/models/scheduler.py: 0
[2014-10-08 17:02:50] EDIT hercules/controllers/default.py: 0
[2014-10-08 17:03:36] EDIT hercules/models/scheduler.py: 0
[2014-10-08 17:09:21] EDIT hercules/controllers/default.py: 2
[2014-10-08 17:10:59] EDIT hercules/controllers/default.py: 3
[2014-10-08 17:11:36] EDIT hercules/models/scheduler.py: 1
[2014-10-08 17:12:57] EDIT hercules/controllers/default.py: 0
[2014-10-08 17:13:17] EDIT hercules/controllers/default.py: 0
[2014-10-08 17:15:52] EDIT hercules/controllers/default.py: 1
[2014-10-08 17:17:54] EDIT hercules/controllers/default.py: 2
[2014-10-08 17:18:34] EDIT hercules/controllers/default.py: 0
[2014-10-08 17:18:51] EDIT hercules/models/scheduler.py: 0
[2014-10-08 17:19:46] EDIT hercules/models/scheduler.py: 0
[2014-10-08 17:20:00] EDIT hercules/controllers/default.py: 0
[2014-10-08 17:26:33] EDIT hercules/models/scheduler.py: 0
[2014-10-08 17:26:40] EDIT hercules/controllers/default.py: 0
[2014-10-08 17:29:21] EDIT hercules/models/menu.py: 1
[2014-10-09 10:13:10] EDIT hercules/models/scheduler.py: 0
[2014-10-09 15:11:31] CREATE testing.py: 0
[2014-10-09 15:11:44] EDIT hercules/controllers/testing.py: 22
[2014-10-09 15:13:24] EDIT hercules/controllers/testing.py: 1
[2014-10-09 15:13:36] EDIT hercules/controllers/testing.py: 5
[2014-10-09 15:14:40] EDIT hercules/controllers/testing.py: 0
[2014-10-09 15:16:45] EDIT hercules/controllers/testing.py: 0
[2014-10-09 15:17:56] EDIT hercules/controllers/testing.py: 0
[2014-10-09 15:18:21] EDIT hercules/controllers/testing.py: 1
[2014-10-09 15:18:35] EDIT hercules/controllers/testing.py: 0
[2014-10-09 15:19:02] EDIT hercules/controllers/testing.py: 0
[2014-10-09 15:20:36] EDIT hercules/controllers/testing.py: 0
[2014-10-09 15:20:50] EDIT hercules/controllers/testing.py: 0
[2014-10-09 15:21:25] EDIT hercules/controllers/testing.py: 0
[2014-10-09 15:22:25] EDIT hercules/controllers/testing.py: 0
[2014-10-09 15:22:55] EDIT hercules/controllers/testing.py: -1
[2014-10-09 15:23:23] EDIT hercules/controllers/testing.py: 0
[2014-10-09 15:24:00] EDIT hercules/controllers/testing.py: 0
[2014-10-09 15:24:23] EDIT hercules/controllers/testing.py: 0
[2014-10-09 15:24:48] EDIT hercules/controllers/testing.py: 0
[2014-10-09 15:25:43] EDIT hercules/controllers/testing.py: 0
[2014-10-13 11:04:47] EDIT hercules/models/scheduler.py: 10
[2014-10-13 11:06:34] EDIT hercules/models/scheduler.py: 0
[2014-10-13 11:08:02] EDIT hercules/models/scheduler.py: 0
[2014-10-13 11:30:16] EDIT hercules/models/scheduler.py: 3
[2014-10-13 11:30:25] EDIT hercules/models/scheduler.py: 0
[2014-10-13 11:30:38] EDIT hercules/models/scheduler.py: 0
[2014-10-13 11:30:58] EDIT hercules/models/scheduler.py: 0
[2014-10-13 11:38:46] EDIT hercules/models/scheduler.py: 1
[2014-10-13 11:39:20] EDIT hercules/models/scheduler.py: 0
[2014-10-13 11:41:41] EDIT hercules/models/scheduler.py: 0
[2014-10-13 11:43:20] EDIT hercules/controllers/default.py: 14
[2014-10-13 11:43:44] EDIT hercules/controllers/default.py: 1
[2014-10-13 12:13:36] EDIT hercules/controllers/default.py: 0
[2014-10-13 14:23:38] EDIT hercules/models/scheduler.py: 0
[2014-10-13 16:08:02] EDIT hercules/models/scheduler.py: 0
[2014-10-13 16:09:23] EDIT hercules/models/scheduler.py: 0
[2014-10-13 16:11:10] EDIT hercules/models/scheduler.py: 2
[2014-10-13 16:11:29] EDIT hercules/models/scheduler.py: 0
[2014-10-13 16:13:02] EDIT hercules/models/scheduler.py: 0
[2014-10-13 16:14:21] EDIT hercules/controllers/default.py: 0
[2014-10-14 09:04:44] EDIT hercules/models/scheduler.py: 0
[2014-10-16 15:21:54] EDIT hercules/models/scheduler.py: 7
[2014-10-16 15:30:27] EDIT hercules/models/scheduler.py: 0
[2014-10-16 15:43:00] EDIT hercules/models/scheduler.py: 0
[2014-10-16 15:52:18] EDIT hercules/models/scheduler.py: 0
[2014-10-16 15:53:09] EDIT hercules/models/scheduler.py: 0
[2014-10-16 15:56:15] EDIT hercules/models/scheduler.py: 0
[2014-10-16 16:08:34] EDIT hercules/models/scheduler.py: 0
[2014-10-16 16:08:59] EDIT hercules/models/scheduler.py: -1
[2014-10-16 17:17:08] EDIT hercules/models/scheduler.py: 0
[2014-10-16 17:17:30] EDIT hercules/models/scheduler.py: 0
[2014-10-20 09:38:56] EDIT hercules/models/scheduler.py: 0
[2014-10-21 17:42:45] EDIT hercules/models/scheduler.py: 0
[2014-10-21 17:43:28] EDIT hercules/models/scheduler.py: 0
[2014-10-21 18:03:35] EDIT hercules/models/scheduler.py: 0
[2014-10-24 08:38:47] EDIT hercules/models/scheduler.py: 0
[2014-10-24 10:19:12] EDIT hercules/controllers/default.py: 6
[2014-10-24 10:19:40] EDIT hercules/controllers/default.py: 0
[2014-10-24 10:21:16] EDIT hercules/controllers/default.py: 0
[2014-10-24 10:21:24] EDIT hercules/controllers/default.py: 0
[2014-10-24 10:24:36] EDIT hercules/controllers/default.py: 0
[2014-10-24 10:25:53] EDIT hercules/controllers/default.py: 1
[2014-10-24 10:26:54] EDIT hercules/controllers/default.py: 0
[2014-10-24 10:27:18] EDIT hercules/controllers/default.py: 0
[2014-10-24 10:27:53] EDIT hercules/controllers/default.py: 1
[2014-10-24 10:28:16] EDIT hercules/controllers/default.py: 0
[2014-10-24 10:29:19] EDIT hercules/controllers/default.py: 0
[2014-10-24 10:29:26] EDIT hercules/controllers/default.py: 0
[2014-10-24 10:29:47] EDIT hercules/controllers/default.py: 0
[2014-10-24 10:30:51] EDIT hercules/controllers/default.py: 0
[2014-10-24 10:31:27] EDIT hercules/controllers/default.py: 0
[2014-10-24 10:31:55] EDIT hercules/controllers/default.py: 0
[2014-10-24 10:32:23] EDIT hercules/controllers/default.py: 0
[2014-10-24 10:32:30] EDIT hercules/controllers/default.py: 0
[2014-10-24 10:32:43] EDIT hercules/controllers/default.py: 0
[2014-10-24 10:34:02] EDIT hercules/controllers/default.py: 0
[2014-10-24 10:35:04] EDIT hercules/controllers/default.py: 0
[2014-10-27 11:43:39] EDIT hercules/models/scheduler.py: 0
[2014-10-27 11:43:59] EDIT hercules/models/scheduler.py: 0
[2014-10-27 11:44:22] EDIT hercules/models/scheduler.py: 0
[2014-11-10 09:06:52] EDIT hercules/models/scheduler.py: 0
[2014-12-12 11:34:20] EDIT hercules/controllers/default.py: 8
[2014-12-12 11:38:42] EDIT hercules/controllers/default.py: 0
[2014-12-12 11:49:35] EDIT hercules/controllers/default.py: 0
[2014-12-12 11:49:46] EDIT hercules/controllers/default.py: 0
[2014-12-12 12:17:45] EDIT hercules/controllers/default.py: 0
[2014-12-12 12:40:29] EDIT hercules/controllers/default.py: 0
[2014-12-12 12:41:45] EDIT hercules/controllers/default.py: 0
[2014-12-12 13:08:01] EDIT hercules/models/scheduler.py: 8
[2014-12-13 16:48:17] EDIT hercules/models/scheduler.py: 0
[2014-12-14 20:57:12] EDIT hercules/models/scheduler.py: 0
[2015-01-20 17:03:28] EDIT hercules/models/scheduler.py: 8
[2015-01-20 17:07:17] EDIT hercules/models/scheduler.py: 0
[2015-01-20 17:07:33] EDIT hercules/models/scheduler.py: 0
[2015-01-20 17:07:56] EDIT hercules/models/scheduler.py: 0
[2015-01-20 17:08:20] EDIT hercules/controllers/default.py: 8
[2015-01-20 17:11:03] EDIT hercules/controllers/default.py: 1
[2015-01-21 13:11:42] EDIT hercules/models/scheduler.py: 1
[2015-01-21 17:35:46] EDIT hercules/models/scheduler.py: 0
[2015-01-21 18:00:32] EDIT hercules/models/scheduler.py: 0
[2015-01-21 18:00:49] EDIT hercules/models/scheduler.py: 0
[2015-02-04 15:16:46] EDIT hercules/controllers/default.py: 3
[2015-02-04 15:18:50] EDIT hercules/controllers/default.py: 0
[2015-02-04 15:20:06] EDIT hercules/controllers/default.py: 0
