timestamp: 2014-06-10T12:38:23.345745
CREATE TABLE auth_user(
    id INTEGER PRIMARY KEY AUTOINCREMENT,
    first_name CHAR(128),
    last_name CHAR(128),
    email CHAR(512),
    password CHAR(512),
    registration_key CHAR(512),
    reset_password_key CHAR(512),
    registration_id CHAR(512)
);
success!
timestamp: 2014-06-10T12:38:23.367713
CREATE TABLE auth_group(
    id INTEGER PRIMARY KEY AUTOINCREMENT,
    role CHAR(512),
    description TEXT
);
success!
timestamp: 2014-06-10T12:38:23.386335
CREATE TABLE auth_membership(
    id INTEGER PRIMARY KEY AUTOINCREMENT,
    user_id INTEGER REFERENCES auth_user (id) ON DELETE CASCADE,
    group_id INTEGER REFERENCES auth_group (id) ON DELETE CASCADE
);
success!
timestamp: 2014-06-10T12:38:23.511414
CREATE TABLE auth_permission(
    id INTEGER PRIMARY KEY AUTOINCREMENT,
    group_id INTEGER REFERENCES auth_group (id) ON DELETE CASCADE,
    name CHAR(512),
    table_name CHAR(512),
    record_id INTEGER
);
success!
timestamp: 2014-06-10T12:38:23.528349
CREATE TABLE auth_event(
    id INTEGER PRIMARY KEY AUTOINCREMENT,
    time_stamp TIMESTAMP,
    client_ip CHAR(512),
    user_id INTEGER REFERENCES auth_user (id) ON DELETE CASCADE,
    origin CHAR(512),
    description TEXT
);
success!
timestamp: 2014-06-10T12:38:23.546583
CREATE TABLE auth_cas(
    id INTEGER PRIMARY KEY AUTOINCREMENT,
    user_id INTEGER REFERENCES auth_user (id) ON DELETE CASCADE,
    created_on TIMESTAMP,
    service CHAR(512),
    ticket CHAR(512),
    renew CHAR(1)
);
success!
timestamp: 2014-06-10T12:38:23.565178
CREATE TABLE customer(
    id INTEGER PRIMARY KEY AUTOINCREMENT,
    name CHAR(512),
    taxpayer CHAR(512)
);
success!
timestamp: 2014-06-10T12:38:23.635968
CREATE TABLE concept(
    id INTEGER PRIMARY KEY AUTOINCREMENT,
    name CHAR(512),
    description CHAR(512),
    amount DOUBLE,
    measure CHAR(512)
);
success!
timestamp: 2014-06-10T12:38:23.654934
CREATE TABLE invoice(
    id INTEGER PRIMARY KEY AUTOINCREMENT,
    created_on TIMESTAMP,
    created_by INTEGER REFERENCES auth_user (id) ON DELETE CASCADE,
    customer_id INTEGER REFERENCES customer (id) ON DELETE CASCADE,
    description CHAR(512),
    total DOUBLE,
    payment CHAR(512),
    status CHAR(512)
);
success!
timestamp: 2014-06-10T12:38:23.674214
CREATE TABLE item(
    id INTEGER PRIMARY KEY AUTOINCREMENT,
    invoice_id INTEGER REFERENCES invoice (id) ON DELETE CASCADE,
    concept_id INTEGER REFERENCES concept (id) ON DELETE CASCADE,
    amount DOUBLE,
    total DOUBLE
);
success!
